<?xml version="1.0" encoding="UTF-8"?>
<!-- Generated by org.testng.reporters.JUnitReportReporter -->
<testsuite hostname="sys" name="ConfigrationDemo.PropertyChrome" tests="1" failures="0" timestamp="26 May 2016 01:33:07 GMT" time="15.067" errors="0">
  <testcase name="testChrome" time="15.067" classname="ConfigrationDemo.PropertyChrome"/>
</testsuite> <!-- ConfigrationDemo.PropertyChrome -->
