<?xml version="1.0" encoding="UTF-8"?>
<!-- Generated by org.testng.reporters.JUnitReportReporter -->
<testsuite hostname="sys" name="com.mpp.webpages.MarcuryRegister" tests="1" failures="0" timestamp="5 Jun 2016 02:42:11 GMT" time="8.380" errors="0">
  <testcase name="registerLink" time="8.380" classname="com.mpp.webpages.MarcuryRegister"/>
</testsuite> <!-- com.mpp.webpages.MarcuryRegister -->
