<?xml version="1.0" encoding="UTF-8"?>
<!-- Generated by org.testng.reporters.JUnitReportReporter -->
<testsuite hostname="sys" name="com.mpp.webpages.GuruExcel" tests="1" failures="0" timestamp="20 May 2016 02:40:07 GMT" time="0.071" errors="0">
  <testcase name="testDataTest" time="0.071" classname="com.mpp.webpages.GuruExcel"/>
</testsuite> <!-- com.mpp.webpages.GuruExcel -->
