<?xml version="1.0" encoding="UTF-8"?>
<!-- Generated by org.testng.reporters.JUnitReportReporter -->
<testsuite hostname="sys" name="ConfigrationDemo.ConfigTest" tests="1" failures="0" timestamp="25 May 2016 02:47:29 GMT" time="0.055" errors="0">
  <testcase name="testConfig" time="0.055" classname="ConfigrationDemo.ConfigTest"/>
</testsuite> <!-- ConfigrationDemo.ConfigTest -->
