<?xml version="1.0" encoding="UTF-8"?>
<!-- Generated by org.testng.reporters.JUnitReportReporter -->
<testsuite hostname="sys" name="web.mpp.tests.LoginTest" tests="1" failures="0" timestamp="5 Jun 2016 02:42:11 GMT" time="35.511" errors="0">
  <testcase name="login" time="35.511" classname="web.mpp.tests.LoginTest"/>
</testsuite> <!-- web.mpp.tests.LoginTest -->
